  GameServer.cpp
C:\Users\user\Desktop\Server Client\SocketServer\SocketServer\CVSP.h(11,1): warning C4005: 'WIN32': 매크로 재정의
  (소스 파일 'GameServer.cpp'을(를) 컴파일하는 중)
  C:\Program Files (x86)\Windows Kits\10\Include\10.0.22621.0\shared\minwindef.h(38,1):
  'WIN32'의 이전 정의를 참조하십시오.
  
C:\Users\user\Desktop\Server Client\SocketServer\SocketServer\GameServer.cpp(141,12): warning C4477: 'printf' : 서식 문자열 '%d'에 'int' 형식의 인수가 필요하지만 variadic 인수 1의 형식이 'SOCKET'입니다.
  C:\Users\user\Desktop\Server Client\SocketServer\SocketServer\GameServer.cpp(141,12):
  서식 문자열에서 '%lld'을(를) 사용하는 것이 좋습니다.
  C:\Users\user\Desktop\Server Client\SocketServer\SocketServer\GameServer.cpp(141,12):
  서식 문자열에서 '%Id'을(를) 사용하는 것이 좋습니다.
  C:\Users\user\Desktop\Server Client\SocketServer\SocketServer\GameServer.cpp(141,12):
  서식 문자열에서 '%I64d'을(를) 사용하는 것이 좋습니다.
  
C:\Users\user\Desktop\Server Client\SocketServer\SocketServer\GameServer.cpp(172,11): warning C4477: 'printf' : 서식 문자열 '%d'에 'int' 형식의 인수가 필요하지만 variadic 인수 1의 형식이 'SOCKET'입니다.
  C:\Users\user\Desktop\Server Client\SocketServer\SocketServer\GameServer.cpp(172,11):
  서식 문자열에서 '%lld'을(를) 사용하는 것이 좋습니다.
  C:\Users\user\Desktop\Server Client\SocketServer\SocketServer\GameServer.cpp(172,11):
  서식 문자열에서 '%Id'을(를) 사용하는 것이 좋습니다.
  C:\Users\user\Desktop\Server Client\SocketServer\SocketServer\GameServer.cpp(172,11):
  서식 문자열에서 '%I64d'을(를) 사용하는 것이 좋습니다.
  
C:\Users\user\Desktop\Server Client\SocketServer\SocketServer\GameServer.cpp(236,15): warning C4477: 'printf' : 서식 문자열 '%d'에 'int' 형식의 인수가 필요하지만 variadic 인수 1의 형식이 'SOCKET'입니다.
  C:\Users\user\Desktop\Server Client\SocketServer\SocketServer\GameServer.cpp(236,15):
  서식 문자열에서 '%lld'을(를) 사용하는 것이 좋습니다.
  C:\Users\user\Desktop\Server Client\SocketServer\SocketServer\GameServer.cpp(236,15):
  서식 문자열에서 '%Id'을(를) 사용하는 것이 좋습니다.
  C:\Users\user\Desktop\Server Client\SocketServer\SocketServer\GameServer.cpp(236,15):
  서식 문자열에서 '%I64d'을(를) 사용하는 것이 좋습니다.
  
C:\Users\user\Desktop\Server Client\SocketServer\SocketServer\GameServer.cpp(240,85): warning C4267: '인수': 'size_t'에서 'unsigned short'(으)로 변환하면서 데이터가 손실될 수 있습니다.
  SocketServer.vcxproj -> C:\Users\user\Desktop\Server Client\SocketServer\x64\Debug\SocketServer.exe
